# JRE version: Java(TM) SE Runtime Environment (8.0_91-b14) (build 1.8.0_91-b14)
# Java VM: Java HotSpot(TM) 64-Bit Server VM (25.91-b14 mixed mode linux-amd64 compressed oops)
Heap:
 PSYoungGen      total 325632K, used 5640K [0x00000000da800000, 0x00000000fc380000, 0x0000000100000000)
  eden space 120832K, 0% used [0x00000000da800000,0x00000000da800000,0x00000000e1e00000)
  from space 204800K, 2% used [0x00000000e1e00000,0x00000000e2382020,0x00000000ee600000)
  to   space 204800K, 0% used [0x00000000efb80000,0x00000000efb80000,0x00000000fc380000)
 ParOldGen       total 611840K, used 611657K [0x000000008f800000, 0x00000000b4d80000, 0x00000000da800000)
  object space 611840K, 99% used [0x000000008f800000,0x00000000b4d52790,0x00000000b4d80000)
 Metaspace       used 15573K, capacity 15978K, committed 16128K, reserved 1062912K
  class space    used 1809K, capacity 1923K, committed 2048K, reserved 1048576K
GC Heap History (10 events):
Event: 37,085 GC heap after
Heap after GC invocations=23 (full 5):
 PSYoungGen      total 289792K, used 184827K [0x00000000da800000, 0x00000000fb180000, 0x0000000100000000)
  eden space 104960K, 0% used [0x00000000da800000,0x00000000da800000,0x00000000e0e80000)
  from space 184832K, 99% used [0x00000000ed680000,0x00000000f8afefb0,0x00000000f8b00000)
  to   space 204800K, 0% used [0x00000000e0e80000,0x00000000e0e80000,0x00000000ed680000)
 ParOldGen       total 436224K, used 308864K [0x000000008f800000, 0x00000000aa200000, 0x00000000da800000)
  object space 436224K, 70% used [0x000000008f800000,0x00000000a25a01a0,0x00000000aa200000)
 Metaspace       used 14329K, capacity 14690K, committed 14976K, reserved 1062912K
  class space    used 1699K, capacity 1799K, committed 1920K, reserved 1048576K
}
Event: 38,393 GC heap before
{Heap before GC invocations=24 (full 5):
 PSYoungGen      total 289792K, used 289787K [0x00000000da800000, 0x00000000fb180000, 0x0000000100000000)
  eden space 104960K, 100% used [0x00000000da800000,0x00000000e0e80000,0x00000000e0e80000)
  from space 184832K, 99% used [0x00000000ed680000,0x00000000f8afefb0,0x00000000f8b00000)
  to   space 204800K, 0% used [0x00000000e0e80000,0x00000000e0e80000,0x00000000ed680000)
 ParOldGen       total 436224K, used 308864K [0x000000008f800000, 0x00000000aa200000, 0x00000000da800000)
  object space 436224K, 70% used [0x000000008f800000,0x00000000a25a01a0,0x00000000aa200000)
 Metaspace       used 15559K, capacity 15972K, committed 16128K, reserved 1062912K
  class space    used 1807K, capacity 1922K, committed 2048K, reserved 1048576K
Event: 38,795 GC heap after
Heap after GC invocations=24 (full 5):
 PSYoungGen      total 309760K, used 142970K [0x00000000da800000, 0x00000000fae80000, 0x0000000100000000)
  eden space 104960K, 0% used [0x00000000da800000,0x00000000da800000,0x00000000e0e80000)
  from space 204800K, 69% used [0x00000000e0e80000,0x00000000e9a1e950,0x00000000ed680000)
  to   space 204800K, 0% used [0x00000000ee680000,0x00000000ee680000,0x00000000fae80000)
 ParOldGen       total 436224K, used 391713K [0x000000008f800000, 0x00000000aa200000, 0x00000000da800000)
  object space 436224K, 89% used [0x000000008f800000,0x00000000a7688640,0x00000000aa200000)
 Metaspace       used 15559K, capacity 15972K, committed 16128K, reserved 1062912K
  class space    used 1807K, capacity 1922K, committed 2048K, reserved 1048576K
}
Event: 38,796 GC heap before
{Heap before GC invocations=25 (full 6):
 PSYoungGen      total 309760K, used 142970K [0x00000000da800000, 0x00000000fae80000, 0x0000000100000000)
  eden space 104960K, 0% used [0x00000000da800000,0x00000000da800000,0x00000000e0e80000)
  from space 204800K, 69% used [0x00000000e0e80000,0x00000000e9a1e950,0x00000000ed680000)
  to   space 204800K, 0% used [0x00000000ee680000,0x00000000ee680000,0x00000000fae80000)
 ParOldGen       total 436224K, used 391713K [0x000000008f800000, 0x00000000aa200000, 0x00000000da800000)
  object space 436224K, 89% used [0x000000008f800000,0x00000000a7688640,0x00000000aa200000)
 Metaspace       used 15559K, capacity 15972K, committed 16128K, reserved 1062912K
  class space    used 1807K, capacity 1922K, committed 2048K, reserved 1048576K
Event: 41,271 GC heap after
Heap after GC invocations=25 (full 6):
 PSYoungGen      total 309760K, used 69569K [0x00000000da800000, 0x00000000fae80000, 0x0000000100000000)
  eden space 104960K, 0% used [0x00000000da800000,0x00000000da800000,0x00000000e0e80000)
  from space 204800K, 33% used [0x00000000e0e80000,0x00000000e5270460,0x00000000ed680000)
  to   space 204800K, 0% used [0x00000000ee680000,0x00000000ee680000,0x00000000fae80000)
 ParOldGen       total 611840K, used 436183K [0x000000008f800000, 0x00000000b4d80000, 0x00000000da800000)
  object space 611840K, 71% used [0x000000008f800000,0x00000000aa1f5c50,0x00000000b4d80000)
 Metaspace       used 15559K, capacity 15972K, committed 16128K, reserved 1062912K
  class space    used 1807K, capacity 1922K, committed 2048K, reserved 1048576K
}
Event: 41,954 GC heap before
{Heap before GC invocations=26 (full 6):
 PSYoungGen      total 309760K, used 172712K [0x00000000da800000, 0x00000000fae80000, 0x0000000100000000)
  eden space 104960K, 98% used [0x00000000da800000,0x00000000e0cb9bf8,0x00000000e0e80000)
  from space 204800K, 33% used [0x00000000e0e80000,0x00000000e5270460,0x00000000ed680000)
  to   space 204800K, 0% used [0x00000000ee680000,0x00000000ee680000,0x00000000fae80000)
 ParOldGen       total 611840K, used 436183K [0x000000008f800000, 0x00000000b4d80000, 0x00000000da800000)
  object space 611840K, 71% used [0x000000008f800000,0x00000000aa1f5c50,0x00000000b4d80000)
 Metaspace       used 15573K, capacity 15978K, committed 16128K, reserved 1062912K
  class space    used 1809K, capacity 1923K, committed 2048K, reserved 1048576K
Event: 42,409 GC heap after
Heap after GC invocations=26 (full 6):
 PSYoungGen      total 325120K, used 88469K [0x00000000da800000, 0x00000000fae00000, 0x0000000100000000)
  eden space 120832K, 0% used [0x00000000da800000,0x00000000da800000,0x00000000e1e00000)
  from space 204288K, 43% used [0x00000000ee680000,0x00000000f3ce5718,0x00000000fae00000)
  to   space 204800K, 0% used [0x00000000e1e00000,0x00000000e1e00000,0x00000000ee600000)
 ParOldGen       total 611840K, used 475039K [0x000000008f800000, 0x00000000b4d80000, 0x00000000da800000)
  object space 611840K, 77% used [0x000000008f800000,0x00000000ac7e7c50,0x00000000b4d80000)
 Metaspace       used 15573K, capacity 15978K, committed 16128K, reserved 1062912K
  class space    used 1809K, capacity 1923K, committed 2048K, reserved 1048576K
}
Event: 43,173 GC heap before
{Heap before GC invocations=27 (full 6):
 PSYoungGen      total 325120K, used 209301K [0x00000000da800000, 0x00000000fae00000, 0x0000000100000000)
  eden space 120832K, 100% used [0x00000000da800000,0x00000000e1e00000,0x00000000e1e00000)
  from space 204288K, 43% used [0x00000000ee680000,0x00000000f3ce5718,0x00000000fae00000)
  to   space 204800K, 0% used [0x00000000e1e00000,0x00000000e1e00000,0x00000000ee600000)
 ParOldGen       total 611840K, used 475039K [0x000000008f800000, 0x00000000b4d80000, 0x00000000da800000)
  object space 611840K, 77% used [0x000000008f800000,0x00000000ac7e7c50,0x00000000b4d80000)
 Metaspace       used 15573K, capacity 15978K, committed 16128K, reserved 1062912K
  class space    used 1809K, capacity 1923K, committed 2048K, reserved 1048576K
Event: 43,565 GC heap after
Heap after GC invocations=27 (full 6):
 PSYoungGen      total 325632K, used 67648K [0x00000000da800000, 0x00000000fc380000, 0x0000000100000000)
  eden space 120832K, 0% used [0x00000000da800000,0x00000000da800000,0x00000000e1e00000)
  from space 204800K, 33% used [0x00000000e1e00000,0x00000000e6010030,0x00000000ee600000)
  to   space 204800K, 0% used [0x00000000efb80000,0x00000000efb80000,0x00000000fc380000)
 ParOldGen       total 611840K, used 550225K [0x000000008f800000, 0x00000000b4d80000, 0x00000000da800000)
  object space 611840K, 89% used [0x000000008f800000,0x00000000b1154650,0x00000000b4d80000)
 Metaspace       used 15573K, capacity 15978K, committed 16128K, reserved 1062912K
  class space    used 1809K, capacity 1923K, committed 2048K, reserved 1048576K
}
Event: 43,565 GC heap before
{Heap before GC invocations=28 (full 7):
 PSYoungGen      total 325632K, used 67648K [0x00000000da800000, 0x00000000fc380000, 0x0000000100000000)
  eden space 120832K, 0% used [0x00000000da800000,0x00000000da800000,0x00000000e1e00000)
  from space 204800K, 33% used [0x00000000e1e00000,0x00000000e6010030,0x00000000ee600000)
  to   space 204800K, 0% used [0x00000000efb80000,0x00000000efb80000,0x00000000fc380000)
 ParOldGen       total 611840K, used 550225K [0x000000008f800000, 0x00000000b4d80000, 0x00000000da800000)
  object space 611840K, 89% used [0x000000008f800000,0x00000000b1154650,0x00000000b4d80000)
 Metaspace       used 15573K, capacity 15978K, committed 16128K, reserved 1062912K
  class space    used 1809K, capacity 1923K, committed 2048K, reserved 1048576K

