# JRE version: Java(TM) SE Runtime Environment (8.0_91-b14) (build 1.8.0_91-b14)
# Java VM: Java HotSpot(TM) 64-Bit Server VM (25.91-b14 mixed mode linux-amd64 compressed oops)
Heap:
 PSYoungGen      total 306176K, used 35524K [0x00000000da800000, 0x00000000fab80000, 0x0000000100000000)
  eden space 101376K, 0% used [0x00000000da800000,0x00000000da800000,0x00000000e0b00000)
  from space 204800K, 17% used [0x00000000e0b00000,0x00000000e2db10c0,0x00000000ed300000)
  to   space 204800K, 0% used [0x00000000ee380000,0x00000000ee380000,0x00000000fab80000)
 ParOldGen       total 610304K, used 610085K [0x000000008f800000, 0x00000000b4c00000, 0x00000000da800000)
  object space 610304K, 99% used [0x000000008f800000,0x00000000b4bc96f8,0x00000000b4c00000)
 Metaspace       used 15609K, capacity 16042K, committed 16384K, reserved 1062912K
  class space    used 1809K, capacity 1923K, committed 2048K, reserved 1048576K
GC Heap History (10 events):
Event: 40,758 GC heap after
Heap after GC invocations=27 (full 5):
 PSYoungGen      total 291840K, used 144424K [0x00000000da800000, 0x00000000f8f00000, 0x0000000100000000)
  eden space 87040K, 0% used [0x00000000da800000,0x00000000da800000,0x00000000dfd00000)
  from space 204800K, 70% used [0x00000000ec500000,0x00000000f520a2e0,0x00000000f8d00000)
  to   space 204800K, 0% used [0x00000000dfd00000,0x00000000dfd00000,0x00000000ec500000)
 ParOldGen       total 443904K, used 402882K [0x000000008f800000, 0x00000000aa980000, 0x00000000da800000)
  object space 443904K, 90% used [0x000000008f800000,0x00000000a8170880,0x00000000aa980000)
 Metaspace       used 15609K, capacity 16042K, committed 16384K, reserved 1062912K
  class space    used 1809K, capacity 1923K, committed 2048K, reserved 1048576K
}
Event: 40,758 GC heap before
{Heap before GC invocations=28 (full 6):
 PSYoungGen      total 291840K, used 144424K [0x00000000da800000, 0x00000000f8f00000, 0x0000000100000000)
  eden space 87040K, 0% used [0x00000000da800000,0x00000000da800000,0x00000000dfd00000)
  from space 204800K, 70% used [0x00000000ec500000,0x00000000f520a2e0,0x00000000f8d00000)
  to   space 204800K, 0% used [0x00000000dfd00000,0x00000000dfd00000,0x00000000ec500000)
 ParOldGen       total 443904K, used 402882K [0x000000008f800000, 0x00000000aa980000, 0x00000000da800000)
  object space 443904K, 90% used [0x000000008f800000,0x00000000a8170880,0x00000000aa980000)
 Metaspace       used 15609K, capacity 16042K, committed 16384K, reserved 1062912K
  class space    used 1809K, capacity 1923K, committed 2048K, reserved 1048576K
Event: 43,823 GC heap after
Heap after GC invocations=28 (full 6):
 PSYoungGen      total 291840K, used 77460K [0x00000000da800000, 0x00000000f8f00000, 0x0000000100000000)
  eden space 87040K, 0% used [0x00000000da800000,0x00000000da800000,0x00000000dfd00000)
  from space 204800K, 37% used [0x00000000ec500000,0x00000000f10a50e8,0x00000000f8d00000)
  to   space 204800K, 0% used [0x00000000dfd00000,0x00000000dfd00000,0x00000000ec500000)
 ParOldGen       total 610304K, used 443704K [0x000000008f800000, 0x00000000b4c00000, 0x00000000da800000)
  object space 610304K, 72% used [0x000000008f800000,0x00000000aa94e100,0x00000000b4c00000)
 Metaspace       used 15609K, capacity 16042K, committed 16384K, reserved 1062912K
  class space    used 1809K, capacity 1923K, committed 2048K, reserved 1048576K
}
Event: 44,532 GC heap before
{Heap before GC invocations=29 (full 6):
 PSYoungGen      total 291840K, used 159687K [0x00000000da800000, 0x00000000f8f00000, 0x0000000100000000)
  eden space 87040K, 94% used [0x00000000da800000,0x00000000df84cc88,0x00000000dfd00000)
  from space 204800K, 37% used [0x00000000ec500000,0x00000000f10a50e8,0x00000000f8d00000)
  to   space 204800K, 0% used [0x00000000dfd00000,0x00000000dfd00000,0x00000000ec500000)
 ParOldGen       total 610304K, used 443704K [0x000000008f800000, 0x00000000b4c00000, 0x00000000da800000)
  object space 610304K, 72% used [0x000000008f800000,0x00000000aa94e100,0x00000000b4c00000)
 Metaspace       used 15609K, capacity 16042K, committed 16384K, reserved 1062912K
  class space    used 1809K, capacity 1923K, committed 2048K, reserved 1048576K
Event: 45,013 GC heap after
Heap after GC invocations=29 (full 6):
 PSYoungGen      total 291840K, used 75601K [0x00000000da800000, 0x00000000f9b00000, 0x0000000100000000)
  eden space 87040K, 0% used [0x00000000da800000,0x00000000da800000,0x00000000dfd00000)
  from space 204800K, 36% used [0x00000000dfd00000,0x00000000e46d4600,0x00000000ec500000)
  to   space 204800K, 0% used [0x00000000ed300000,0x00000000ed300000,0x00000000f9b00000)
 ParOldGen       total 610304K, used 488624K [0x000000008f800000, 0x00000000b4c00000, 0x00000000da800000)
  object space 610304K, 80% used [0x000000008f800000,0x00000000ad52c100,0x00000000b4c00000)
 Metaspace       used 15609K, capacity 16042K, committed 16384K, reserved 1062912K
  class space    used 1809K, capacity 1923K, committed 2048K, reserved 1048576K
}
Event: 45,472 GC heap before
{Heap before GC invocations=30 (full 6):
 PSYoungGen      total 291840K, used 156523K [0x00000000da800000, 0x00000000f9b00000, 0x0000000100000000)
  eden space 87040K, 92% used [0x00000000da800000,0x00000000df706808,0x00000000dfd00000)
  from space 204800K, 36% used [0x00000000dfd00000,0x00000000e46d4600,0x00000000ec500000)
  to   space 204800K, 0% used [0x00000000ed300000,0x00000000ed300000,0x00000000f9b00000)
 ParOldGen       total 610304K, used 488624K [0x000000008f800000, 0x00000000b4c00000, 0x00000000da800000)
  object space 610304K, 80% used [0x000000008f800000,0x00000000ad52c100,0x00000000b4c00000)
 Metaspace       used 15609K, capacity 16042K, committed 16384K, reserved 1062912K
  class space    used 1809K, capacity 1923K, committed 2048K, reserved 1048576K
Event: 45,737 GC heap after
Heap after GC invocations=30 (full 6):
 PSYoungGen      total 306176K, used 78752K [0x00000000da800000, 0x00000000f9d80000, 0x0000000100000000)
  eden space 101376K, 0% used [0x00000000da800000,0x00000000da800000,0x00000000e0b00000)
  from space 204800K, 38% used [0x00000000ed300000,0x00000000f1fe8040,0x00000000f9b00000)
  to   space 204800K, 0% used [0x00000000e0b00000,0x00000000e0b00000,0x00000000ed300000)
 ParOldGen       total 610304K, used 521174K [0x000000008f800000, 0x00000000b4c00000, 0x00000000da800000)
  object space 610304K, 85% used [0x000000008f800000,0x00000000af4f5b10,0x00000000b4c00000)
 Metaspace       used 15609K, capacity 16042K, committed 16384K, reserved 1062912K
  class space    used 1809K, capacity 1923K, committed 2048K, reserved 1048576K
}
Event: 46,227 GC heap before
{Heap before GC invocations=31 (full 6):
 PSYoungGen      total 306176K, used 180128K [0x00000000da800000, 0x00000000f9d80000, 0x0000000100000000)
  eden space 101376K, 100% used [0x00000000da800000,0x00000000e0b00000,0x00000000e0b00000)
  from space 204800K, 38% used [0x00000000ed300000,0x00000000f1fe8040,0x00000000f9b00000)
  to   space 204800K, 0% used [0x00000000e0b00000,0x00000000e0b00000,0x00000000ed300000)
 ParOldGen       total 610304K, used 521174K [0x000000008f800000, 0x00000000b4c00000, 0x00000000da800000)
  object space 610304K, 85% used [0x000000008f800000,0x00000000af4f5b10,0x00000000b4c00000)
 Metaspace       used 15609K, capacity 16042K, committed 16384K, reserved 1062912K
  class space    used 1809K, capacity 1923K, committed 2048K, reserved 1048576K
Event: 46,639 GC heap after
Heap after GC invocations=31 (full 6):
 PSYoungGen      total 306176K, used 59712K [0x00000000da800000, 0x00000000fab80000, 0x0000000100000000)
  eden space 101376K, 0% used [0x00000000da800000,0x00000000da800000,0x00000000e0b00000)
  from space 204800K, 29% used [0x00000000e0b00000,0x00000000e4550020,0x00000000ed300000)
  to   space 204800K, 0% used [0x00000000ee380000,0x00000000ee380000,0x00000000fab80000)
 ParOldGen       total 610304K, used 587334K [0x000000008f800000, 0x00000000b4c00000, 0x00000000da800000)
  object space 610304K, 96% used [0x000000008f800000,0x00000000b3591b20,0x00000000b4c00000)
 Metaspace       used 15609K, capacity 16042K, committed 16384K, reserved 1062912K
  class space    used 1809K, capacity 1923K, committed 2048K, reserved 1048576K
}
Event: 46,639 GC heap before
{Heap before GC invocations=32 (full 7):
 PSYoungGen      total 306176K, used 59712K [0x00000000da800000, 0x00000000fab80000, 0x0000000100000000)
  eden space 101376K, 0% used [0x00000000da800000,0x00000000da800000,0x00000000e0b00000)
  from space 204800K, 29% used [0x00000000e0b00000,0x00000000e4550020,0x00000000ed300000)
  to   space 204800K, 0% used [0x00000000ee380000,0x00000000ee380000,0x00000000fab80000)
 ParOldGen       total 610304K, used 587334K [0x000000008f800000, 0x00000000b4c00000, 0x00000000da800000)
  object space 610304K, 96% used [0x000000008f800000,0x00000000b3591b20,0x00000000b4c00000)
 Metaspace       used 15609K, capacity 16042K, committed 16384K, reserved 1062912K
  class space    used 1809K, capacity 1923K, committed 2048K, reserved 1048576K

